<?xml version="1.0" encoding="UTF-8"?>
<!-- Generated by org.testng.reporters.JUnitXMLReporter -->
<testsuite ignored="0" hostname="DESKTOP-FQ1298P" failures="1" tests="1" name="Tichkule" time="16.04" errors="0" timestamp="2022-07-16T19:54:09 IST">
  <testcase classname="Test.LoginTest" name="f" time="15.604">
    <failure type="java.lang.AssertionError" message="expected [OrngeHRM] but found [OrangeHRM]">
      <![CDATA[java.lang.AssertionError: expected [OrngeHRM] but found [OrangeHRM]
at Test.LoginTest.f(LoginTest.java:34)
at java.base/java.util.ArrayList.forEach(ArrayList.java:1511)
... Removed 33 stack frames]]>
    </failure>
  </testcase> <!-- f -->
</testsuite> <!-- Tichkule -->
