<?xml version="1.0" encoding="UTF-8"?>
<testng-results ignored="2" total="4" passed="1" failed="1" skipped="0">
  <reporter-output>
  </reporter-output>
  <suite started-at="2022-07-16T19:39:43 IST" name="Suite" finished-at="2022-07-16T19:39:58 IST" duration-ms="14755">
    <groups>
    </groups>
    <test started-at="2022-07-16T19:39:43 IST" name="Tichkule" finished-at="2022-07-16T19:39:58 IST" duration-ms="14755">
      <class name="Test.Moztest">
        <test-method is-config="true" signature="Bc()[pri:0, instance:Test.Moztest@3ce1e309]" started-at="2022-07-16T19:39:58 IST" name="Bc" finished-at="2022-07-16T19:39:58 IST" duration-ms="2" status="PASS">
          <reporter-output>
          </reporter-output>
        </test-method> <!-- Bc -->
        <test-method signature="f()[pri:0, instance:Test.Moztest@3ce1e309]" started-at="2022-07-16T19:39:58 IST" name="f" finished-at="2022-07-16T19:39:58 IST" duration-ms="1" status="FAIL">
          <exception class="java.lang.NullPointerException">
            <message>
              <![CDATA[Cannot invoke "org.openqa.selenium.WebDriver.get(String)" because "this.D" is null]]>
            </message>
            <full-stacktrace>
              <![CDATA[java.lang.NullPointerException: Cannot invoke "org.openqa.selenium.WebDriver.get(String)" because "this.D" is null
at Test.Moztest.f(Moztest.java:28)
at java.base/jdk.internal.reflect.NativeMethodAccessorImpl.invoke0(Native Method)
at java.base/jdk.internal.reflect.NativeMethodAccessorImpl.invoke(NativeMethodAccessorImpl.java:77)
at java.base/jdk.internal.reflect.DelegatingMethodAccessorImpl.invoke(DelegatingMethodAccessorImpl.java:43)
at java.base/java.lang.reflect.Method.invoke(Method.java:568)
at org.testng.internal.invokers.MethodInvocationHelper.invokeMethod(MethodInvocationHelper.java:139)
at org.testng.internal.invokers.TestInvoker.invokeMethod(TestInvoker.java:677)
at org.testng.internal.invokers.TestInvoker.invokeTestMethod(TestInvoker.java:221)
at org.testng.internal.invokers.MethodRunner.runInSequence(MethodRunner.java:50)
at org.testng.internal.invokers.TestInvoker$MethodInvocationAgent.invoke(TestInvoker.java:962)
at org.testng.internal.invokers.TestInvoker.invokeTestMethods(TestInvoker.java:194)
at org.testng.internal.invokers.TestMethodWorker.invokeTestMethods(TestMethodWorker.java:148)
at org.testng.internal.invokers.TestMethodWorker.run(TestMethodWorker.java:128)
at java.base/java.util.ArrayList.forEach(ArrayList.java:1511)
at org.testng.TestRunner.privateRun(TestRunner.java:806)
at org.testng.TestRunner.run(TestRunner.java:601)
at org.testng.SuiteRunner.runTest(SuiteRunner.java:433)
at org.testng.SuiteRunner$SuiteWorker.run(SuiteRunner.java:471)
at org.testng.internal.thread.ThreadUtil.lambda$execute$0(ThreadUtil.java:58)
at java.base/java.util.concurrent.FutureTask.run(FutureTask.java:264)
at java.base/java.util.concurrent.ThreadPoolExecutor.runWorker(ThreadPoolExecutor.java:1136)
at java.base/java.util.concurrent.ThreadPoolExecutor$Worker.run(ThreadPoolExecutor.java:635)
at java.base/java.lang.Thread.run(Thread.java:833)
]]>
            </full-stacktrace>
          </exception> <!-- java.lang.NullPointerException -->
          <reporter-output>
          </reporter-output>
        </test-method> <!-- f -->
      </class> <!-- Test.Moztest -->
      <class name="Test.LoginTest">
        <test-method is-config="true" signature="beforeSuite()[pri:0, instance:Test.LoginTest@7fa98a66]" started-at="2022-07-16T19:39:38 IST" name="beforeSuite" finished-at="2022-07-16T19:39:43 IST" duration-ms="5012" status="PASS">
          <reporter-output>
          </reporter-output>
        </test-method> <!-- beforeSuite -->
        <test-method is-config="true" signature="Bc()[pri:0, instance:Test.LoginTest@7fa98a66]" started-at="2022-07-16T19:39:43 IST" name="Bc" finished-at="2022-07-16T19:39:44 IST" duration-ms="210" status="PASS">
          <reporter-output>
          </reporter-output>
        </test-method> <!-- Bc -->
        <test-method signature="f()[pri:0, instance:Test.LoginTest@7fa98a66]" started-at="2022-07-16T19:39:44 IST" name="f" finished-at="2022-07-16T19:39:58 IST" duration-ms="14477" status="PASS">
          <reporter-output>
          </reporter-output>
        </test-method> <!-- f -->
        <test-method is-config="true" signature="afterSuite()[pri:0, instance:Test.LoginTest@7fa98a66]" started-at="2022-07-16T19:39:58 IST" name="afterSuite" finished-at="2022-07-16T19:39:59 IST" duration-ms="334" status="PASS">
          <reporter-output>
          </reporter-output>
        </test-method> <!-- afterSuite -->
      </class> <!-- Test.LoginTest -->
    </test> <!-- Tichkule -->
  </suite> <!-- Suite -->
</testng-results>
